<?xml version="1.0" encoding="utf-8"?><testsuites name="pytest tests"><testsuite name="pytest" errors="0" failures="0" skipped="0" tests="8" time="1.556" timestamp="2026-04-28T12:09:32.415752+00:00" hostname="agent-env-3362b539-0ba1-4004-b974-0e622c170815"><testcase classname="backend.tests.test_leaderboard" name="test_root" time="0.312" /><testcase classname="backend.tests.test_leaderboard.TestLeaderboard" name="test_get_initial" time="0.115" /><testcase classname="backend.tests.test_leaderboard.TestLeaderboard" name="test_post_and_persist" time="0.112" /><testcase classname="backend.tests.test_leaderboard.TestLeaderboard" name="test_post_classic_mode" time="0.068" /><testcase classname="backend.tests.test_leaderboard.TestLeaderboard" name="test_post_validation_missing_field" time="0.059" /><testcase classname="backend.tests.test_leaderboard.TestLeaderboard" name="test_post_validation_wrong_type" time="0.056" /><testcase classname="backend.tests.test_leaderboard.TestStatus" name="test_post_status" time="0.057" /><testcase classname="backend.tests.test_leaderboard.TestStatus" name="test_get_status" time="0.050" /></testsuite></testsuites>